<?xml version="1.0" encoding="UTF-8"?>
<!-- Generated by org.testng.reporters.JUnitReportReporter -->
<testsuite hostname="Ashish" failures="0" tests="1" name="testClasses.FirstTest" time="8.397" errors="0" timestamp="2023-04-02T06:42:51 IST" skipped="0">
  <testcase classname="testClasses.FirstTest" name="launch1" time="8.397"/>
  <system-out/>
</testsuite> <!-- testClasses.FirstTest -->
